<?xml version="1.0" encoding="UTF-8"?>
<!-- Generated by org.testng.reporters.JUnitXMLReporter -->
<testsuite ignored="2" hostname="192.168.1.111" failures="0" tests="1" name="Surefire test" time="50.948" errors="0" timestamp="2023-05-08T23:59:53 UYT">
  <testcase classname="org.jmunoz.selenium.tests.MercadoLibreTest" name="getPrices" time="49.938"/>
  <testcase classname="org.jmunoz.selenium.BaseTest" name="@AfterTest quitDriver" time="0.0">
    <ignored/>
  </testcase> <!-- @AfterTest quitDriver -->
  <testcase classname="org.jmunoz.selenium.BaseTest" name="@BeforeTest setupDriver" time="0.0">
    <ignored/>
  </testcase> <!-- @BeforeTest setupDriver -->
</testsuite> <!-- Surefire test -->
