<?xml version="1.0" encoding="UTF-8"?>
<testng-results ignored="2" total="3" passed="1" failed="0" skipped="0">
  <reporter-output>
  </reporter-output>
  <suite started-at="2023-05-08T23:59:02 UYT" name="Surefire suite" finished-at="2023-05-08T23:59:53 UYT" duration-ms="50948">
    <groups>
    </groups>
    <test started-at="2023-05-08T23:59:02 UYT" name="Surefire test" finished-at="2023-05-08T23:59:53 UYT" duration-ms="50948">
      <class name="org.jmunoz.selenium.tests.MercadoLibreTest">
        <test-method is-config="true" signature="setupDriver()[pri:0, instance:org.jmunoz.selenium.tests.MercadoLibreTest@6fb0d3ed]" started-at="2023-05-08T23:59:02 UYT" name="setupDriver" finished-at="2023-05-08T23:59:03 UYT" duration-ms="912" status="PASS">
          <reporter-output>
          </reporter-output>
        </test-method> <!-- setupDriver -->
        <test-method signature="getPrices(org.jmunoz.selenium.PageSearchTemplate)[pri:0, instance:org.jmunoz.selenium.tests.MercadoLibreTest@6fb0d3ed]" started-at="2023-05-08T23:59:03 UYT" name="getPrices" data-provider="getData" finished-at="2023-05-08T23:59:52 UYT" duration-ms="49938" status="PASS">
          <params>
            <param index="0">
              <value>
                <![CDATA[org.jmunoz.selenium.MercadoLibre@750fe12e]]>
              </value>
            </param>
          </params>
          <reporter-output>
          </reporter-output>
        </test-method> <!-- getPrices -->
        <test-method is-config="true" signature="quitDriver()[pri:0, instance:org.jmunoz.selenium.tests.MercadoLibreTest@6fb0d3ed]" started-at="2023-05-08T23:59:52 UYT" name="quitDriver" finished-at="2023-05-08T23:59:53 UYT" duration-ms="88" status="PASS">
          <reporter-output>
          </reporter-output>
        </test-method> <!-- quitDriver -->
      </class> <!-- org.jmunoz.selenium.tests.MercadoLibreTest -->
    </test> <!-- Surefire test -->
  </suite> <!-- Surefire suite -->
</testng-results>
